This is pdfTeX, Version 3.14159265-2.6-1.40.20 (TeX Live 2019) (preloaded format=latex 2019.12.13)  4 JUN 2020 03:13
entering extended mode
 \write18 enabled.
 %&-line parsing enabled.
**\makeatletter\def\HCode{\futurelet\HCode\HChar}\def\HChar{\ifx"\HCode\def\HCo
de"##1"{\Link##1}\expandafter\HCode\else\expandafter\Link\fi}\def\Link#1.a.b.c.
{\g@addto@macro\@documentclasshook{\RequirePackage[#1,html]{tex4ht}}\let\HCode\
documentstyle\def\documentstyle{\let\documentstyle\HCode\expandafter\def\csname
 tex4ht\endcsname{#1,html}\def\HCode####1{\documentstyle[tex4ht,}\@ifnextchar[{
\HCode}{\documentstyle[tex4ht]}}}\makeatother\HCode my.cfg,,charset=utf-8,html5
.a.b.c.\input "\detokenize{main}"
(/compile/main.tex (/usr/local/texlive/2019/texmf-dist/tex/latex/base/article.c
ls
Document Class: article 2019/10/25 v1.4k Standard LaTeX document class
(/usr/local/texlive/2019/texmf-dist/tex/latex/base/size12.clo
File: size12.clo 2019/10/25 v1.4k Standard LaTeX file (size option)
)
\c@part=\count80
\c@section=\count81
\c@subsection=\count82
\c@subsubsection=\count83
\c@paragraph=\count84
\c@subparagraph=\count85
\c@figure=\count86
\c@table=\count87
\abovecaptionskip=\skip41
\belowcaptionskip=\skip42
\bibindent=\dimen102
) (/usr/local/texlive/2019/texmf-dist/tex/generic/tex4ht/tex4ht.sty
version 2019-03-18-15:24
Package: tex4ht 
--------------------------------------
--- Note --- for _ at preamble, use the command line option `early_'
--------------------------------------
--------------------------------------
--- Note --- for ^ at preamble, use the command line option `early^'
--------------------------------------
\tmp:toks=\toks14
) (/usr/local/texlive/2019/texmf-dist/tex/generic/tex4ht/usepackage.4ht
version 2019-10-31-14:15
) (/compile/design_ASC.sty (/usr/local/texlive/2019/texmf-dist/tex/latex/geomet
ry/geometry.sty
Package: geometry 2018/04/16 v5.8 Page Geometry
(/usr/local/texlive/2019/texmf-dist/tex/latex/graphics/keyval.sty
Package: keyval 2014/10/28 v1.15 key=value parser (DPC)
\KV@toks@=\toks15
) (/usr/local/texlive/2019/texmf-dist/tex/generic/iftex/ifpdf.sty
Package: ifpdf 2019/10/25 v3.4 ifpdf legacy package. Use iftex instead.
(/usr/local/texlive/2019/texmf-dist/tex/generic/iftex/iftex.sty
Package: iftex 2019/11/07 v1.0c TeX engine tests
)) (/usr/local/texlive/2019/texmf-dist/tex/generic/iftex/ifvtex.sty
Package: ifvtex 2019/10/25 v1.7 ifvtex legacy package. Use iftex instead.
) (/usr/local/texlive/2019/texmf-dist/tex/generic/iftex/ifxetex.sty
Package: ifxetex 2019/10/25 v0.7 ifxetex legacy package. Use iftex instead.
)
\Gm@cnth=\count88
\Gm@cntv=\count89
\c@Gm@tempcnt=\count90
\Gm@bindingoffset=\dimen103
\Gm@wd@mp=\dimen104
\Gm@odd@mp=\dimen105
\Gm@even@mp=\dimen106
\Gm@layoutwidth=\dimen107
\Gm@layoutheight=\dimen108
\Gm@layouthoffset=\dimen109
\Gm@layoutvoffset=\dimen110
\Gm@dimlist=\toks16
) (/usr/local/texlive/2019/texmf-dist/tex/latex/amscls/amsthm.sty
Package: amsthm 2017/10/31 v2.20.4
\thm@style=\toks17
\thm@bodyfont=\toks18
\thm@headfont=\toks19
\thm@notefont=\toks20
\thm@headpunct=\toks21
\thm@preskip=\skip43
\thm@postskip=\skip44
\thm@headsep=\skip45
\dth@everypar=\toks22
) (/usr/local/texlive/2019/texmf-dist/tex/latex/amsmath/amsmath.sty
Package: amsmath 2019/11/16 v2.17d AMS math features
\@mathmargin=\skip46
For additional information on amsmath, use the `?' option.
(/usr/local/texlive/2019/texmf-dist/tex/latex/amsmath/amstext.sty
Package: amstext 2000/06/29 v2.01 AMS text
(/usr/local/texlive/2019/texmf-dist/tex/latex/amsmath/amsgen.sty
File: amsgen.sty 1999/11/30 v2.0 generic functions
\@emptytoks=\toks23
\ex@=\dimen111
)) (/usr/local/texlive/2019/texmf-dist/tex/latex/amsmath/amsbsy.sty
Package: amsbsy 1999/11/29 v1.2d Bold Symbols
\pmbraise@=\dimen112
) (/usr/local/texlive/2019/texmf-dist/tex/latex/amsmath/amsopn.sty
Package: amsopn 2016/03/08 v2.02 operator names
)
\inf@bad=\count91
LaTeX Info: Redefining \frac on input line 227.
\uproot@=\count92
\leftroot@=\count93
LaTeX Info: Redefining \overline on input line 389.
\classnum@=\count94
\DOTSCASE@=\count95
LaTeX Info: Redefining \ldots on input line 486.
LaTeX Info: Redefining \dots on input line 489.
LaTeX Info: Redefining \cdots on input line 610.
\Mathstrutbox@=\box27
\strutbox@=\box28
\big@size=\dimen113
LaTeX Font Info:    Redeclaring font encoding OML on input line 733.
LaTeX Font Info:    Redeclaring font encoding OMS on input line 734.
\macc@depth=\count96
\c@MaxMatrixCols=\count97
\dotsspace@=\muskip10
\c@parentequation=\count98
\dspbrk@lvl=\count99
\tag@help=\toks24
\row@=\count100
\column@=\count101
\maxfields@=\count102
\andhelp@=\toks25
\eqnshift@=\dimen114
\alignsep@=\dimen115
\tagshift@=\dimen116
\tagwidth@=\dimen117
\totwidth@=\dimen118
\lineht@=\dimen119
\@envbody=\toks26
\multlinegap=\skip47
\multlinetaggap=\skip48
\mathdisplay@stack=\toks27
LaTeX Info: Redefining \[ on input line 2858.
LaTeX Info: Redefining \] on input line 2859.
) (/usr/local/texlive/2019/texmf-dist/tex/latex/amsfonts/amsfonts.sty
Package: amsfonts 2013/01/14 v3.01 Basic AMSFonts support
\symAMSa=\mathgroup4
\symAMSb=\mathgroup5
LaTeX Font Info:    Redeclaring math symbol \hbar on input line 98.
LaTeX Font Info:    Overwriting math alphabet `\mathfrak' in version `bold'
(Font)                  U/euf/m/n --> U/euf/b/n on input line 106.
) (/usr/local/texlive/2019/texmf-dist/tex/latex/amsfonts/amssymb.sty
Package: amssymb 2013/01/14 v3.01 AMS font symbols
) (/usr/local/texlive/2019/texmf-dist/tex/latex/tools/multicol.sty
Package: multicol 2019/03/01 v1.8w multicolumn formatting (FMi)
\c@tracingmulticols=\count103
\mult@box=\box29
\multicol@leftmargin=\dimen120
\c@unbalance=\count104
\c@collectmore=\count105
\doublecol@number=\count106
\multicoltolerance=\count107
\multicolpretolerance=\count108
\full@width=\dimen121
\page@free=\dimen122
\premulticols=\dimen123
\postmulticols=\dimen124
\multicolsep=\skip49
\multicolbaselineskip=\skip50
\partial@page=\box30
\last@line=\box31
\maxbalancingoverflow=\dimen125
\mult@rightbox=\box32
\mult@grightbox=\box33
\mult@gfirstbox=\box34
\mult@firstbox=\box35
\@tempa=\box36
\@tempa=\box37
\@tempa=\box38
\@tempa=\box39
\@tempa=\box40
\@tempa=\box41
\@tempa=\box42
\@tempa=\box43
\@tempa=\box44
\@tempa=\box45
\@tempa=\box46
\@tempa=\box47
\@tempa=\box48
\@tempa=\box49
\@tempa=\box50
\@tempa=\box51
\@tempa=\box52
\c@minrows=\count109
\c@columnbadness=\count110
\c@finalcolumnbadness=\count111
\last@try=\dimen126
\multicolovershoot=\dimen127
\multicolundershoot=\dimen128
\mult@nat@firstbox=\box53
\colbreak@box=\box54
\mc@col@check@num=\count112
) (/compile/stata.sty (/usr/local/texlive/2019/texmf-dist/tex/latex/listings/li
stings.sty
\lst@mode=\count113
\lst@gtempboxa=\box55
\lst@token=\toks28
\lst@length=\count114
\lst@currlwidth=\dimen129
\lst@column=\count115
\lst@pos=\count116
\lst@lostspace=\dimen130
\lst@width=\dimen131
\lst@newlines=\count117
\lst@lineno=\count118
\lst@maxwidth=\dimen132
(/usr/local/texlive/2019/texmf-dist/tex/latex/listings/lstmisc.sty
File: lstmisc.sty 2019/09/10 1.8c (Carsten Heinz)
\c@lstnumber=\count119
\lst@skipnumbers=\count120
\lst@framebox=\box56
) (/usr/local/texlive/2019/texmf-dist/tex/latex/listings/listings.cfg
File: listings.cfg 2019/09/10 1.8c listings configuration
))
Package: listings 2019/09/10 1.8c (Carsten Heinz)
(/usr/local/texlive/2019/texmf-dist/tex/latex/graphics/color.sty
Package: color 2016/07/10 v1.1e Standard LaTeX Color (DPC)
(/usr/local/texlive/2019/texmf-dist/tex/latex/graphics-cfg/color.cfg
File: color.cfg 2016/01/02 v1.6 sample color configuration
)
Package color Info: Driver file: dvips.def on input line 147.
(/usr/local/texlive/2019/texmf-dist/tex/latex/graphics-def/dvips.def
File: dvips.def 2017/06/20 v3.1d Graphics/color driver for dvips
) (/usr/local/texlive/2019/texmf-dist/tex/latex/graphics/dvipsnam.def
File: dvipsnam.def 2016/06/17 v3.0m Driver-dependent file (DPC,SPQR)
)) (/usr/local/texlive/2019/texmf-dist/tex/generic/tex4ht/usepackage.4ht
version 2019-10-31-14:15
) (/usr/local/texlive/2019/texmf-dist/tex/latex/xcolor/xcolor.sty
Package: xcolor 2016/05/11 v2.12 LaTeX color extensions (UK)
(/usr/local/texlive/2019/texmf-dist/tex/latex/graphics-cfg/color.cfg
File: color.cfg 2016/01/02 v1.6 sample color configuration
)
Package xcolor Info: Driver file: dvips.def on input line 225.
LaTeX Info: Redefining \color on input line 709.
Package xcolor Info: Model `cmy' substituted by `cmy0' on input line 1348.
Package xcolor Info: Model `RGB' extended on input line 1364.
Package xcolor Info: Model `HTML' substituted by `rgb' on input line 1366.
Package xcolor Info: Model `Hsb' substituted by `hsb' on input line 1367.
Package xcolor Info: Model `tHsb' substituted by `hsb' on input line 1368.
Package xcolor Info: Model `HSB' substituted by `hsb' on input line 1369.
Package xcolor Info: Model `Gray' substituted by `gray' on input line 1370.
Package xcolor Info: Model `wave' substituted by `hsb' on input line 1371.
(/usr/local/texlive/2019/texmf-dist/tex/latex/xcolor/svgnam.def
File: svgnam.def 2016/05/11 v2.12 Predefined colors according to SVG 1.1 (UK)
))) (/usr/local/texlive/2019/texmf-dist/tex/latex/graphics/graphicx.sty
Package: graphicx 2017/06/01 v1.1a Enhanced LaTeX Graphics (DPC,SPQR)
(/usr/local/texlive/2019/texmf-dist/tex/generic/tex4ht/usepackage.4ht
version 2019-10-31-14:15
) (/usr/local/texlive/2019/texmf-dist/tex/latex/graphics/graphics.sty
Package: graphics 2019/11/01 v1.3d Standard LaTeX Graphics (DPC,SPQR)
(/usr/local/texlive/2019/texmf-dist/tex/latex/graphics/trig.sty
Package: trig 2016/01/03 v1.10 sin cos tan (DPC)
) (/usr/local/texlive/2019/texmf-dist/tex/latex/graphics-cfg/graphics.cfg
File: graphics.cfg 2016/06/04 v1.11 sample graphics configuration
)
Package graphics Info: Driver file: dvips.def on input line 105.
)
\Gin@req@height=\dimen133
\Gin@req@width=\dimen134
) (/usr/local/texlive/2019/texmf-dist/tex/latex/float/float.sty
Package: float 2001/11/08 v1.3d Float enhancements (AL)
\c@float@type=\count121
\float@exts=\toks29
\float@box=\box57
\@float@everytoks=\toks30
\@floatcapt=\box58
) (/usr/local/texlive/2019/texmf-dist/tex/latex/makecell/makecell.sty
Package: makecell 2009/08/03 V0.1e Managing of Tab Column Heads and Cells
(/usr/local/texlive/2019/texmf-dist/tex/latex/tools/array.sty
Package: array 2019/08/31 v2.4l Tabular extension package (FMi)
\col@sep=\dimen135
\ar@mcellbox=\box59
\extrarowheight=\dimen136
\NC@list=\toks31
\extratabsurround=\skip51
\backup@length=\skip52
\ar@cellbox=\box60
)
\rotheadsize=\dimen137
\c@nlinenum=\count122
\TeXr@lab=\toks32
) (/usr/local/texlive/2019/texmf-dist/tex/latex/fancyvrb/fancyvrb.sty
Package: fancyvrb 2019/11/09
Style option: `fancyvrb' v3.4 <2019/11/09> (tvz)
\FV@CodeLineNo=\count123
\FV@InFile=\read1
\FV@TabBox=\box61
\c@FancyVerbLine=\count124
\FV@StepNumber=\count125
\FV@OutFile=\write3
) (/usr/local/texlive/2019/texmf-dist/tex/latex/siunitx/siunitx.sty (/usr/local
/texlive/2019/texmf-dist/tex/generic/tex4ht/usepackage.4ht
version 2019-10-31-14:15
) (/usr/local/texlive/2019/texmf-dist/tex/latex/l3kernel/expl3.sty
Package: expl3 2019-11-07 L3 programming layer (loader) 
(/usr/local/texlive/2019/texmf-dist/tex/latex/l3kernel/expl3-code.tex
Package: expl3 2019-11-07 L3 programming layer (code)
\c_max_int=\count126
\l_tmpa_int=\count127
\l_tmpb_int=\count128
\g_tmpa_int=\count129
\g_tmpb_int=\count130
\l__seq_internal_a_int=\count131
\l__seq_internal_b_int=\count132
\g__kernel_prg_map_int=\count133
\c__ior_term_noprompt_ior=\count134
\c_log_iow=\count135
\l_iow_line_count_int=\count136
\l__iow_line_target_int=\count137
\l__iow_one_indent_int=\count138
\l__iow_indent_int=\count139
\c_zero_dim=\dimen138
\c_max_dim=\dimen139
\l_tmpa_dim=\dimen140
\l_tmpb_dim=\dimen141
\g_tmpa_dim=\dimen142
\g_tmpb_dim=\dimen143
\c_zero_skip=\skip53
\c_max_skip=\skip54
\l_tmpa_skip=\skip55
\l_tmpb_skip=\skip56
\g_tmpa_skip=\skip57
\g_tmpb_skip=\skip58
\c_zero_muskip=\muskip11
\c_max_muskip=\muskip12
\l_tmpa_muskip=\muskip13
\l_tmpb_muskip=\muskip14
\g_tmpa_muskip=\muskip15
\g_tmpb_muskip=\muskip16
\l_keys_choice_int=\count140
\l__intarray_loop_int=\count141
\c__intarray_sp_dim=\dimen144
\g__intarray_font_int=\count142
\c__fp_leading_shift_int=\count143
\c__fp_middle_shift_int=\count144
\c__fp_trailing_shift_int=\count145
\c__fp_big_leading_shift_int=\count146
\c__fp_big_middle_shift_int=\count147
\c__fp_big_trailing_shift_int=\count148
\c__fp_Bigg_leading_shift_int=\count149
\c__fp_Bigg_middle_shift_int=\count150
\c__fp_Bigg_trailing_shift_int=\count151
\c__kernel_randint_max_int=\count152
\g__fp_array_int=\count153
\l__fp_array_loop_int=\count154
\l__sort_length_int=\count155
\l__sort_min_int=\count156
\l__sort_top_int=\count157
\l__sort_max_int=\count158
\l__sort_true_max_int=\count159
\l__sort_block_int=\count160
\l__sort_begin_int=\count161
\l__sort_end_int=\count162
\l__sort_A_int=\count163
\l__sort_B_int=\count164
\l__sort_C_int=\count165
\l__str_internal_int=\count166
\c__str_replacement_char_int=\count167
\l__tl_analysis_normal_int=\count168
\l__tl_analysis_index_int=\count169
\l__tl_analysis_nesting_int=\count170
\l__tl_analysis_type_int=\count171
\l__regex_internal_a_int=\count172
\l__regex_internal_b_int=\count173
\l__regex_internal_c_int=\count174
\l__regex_balance_int=\count175
\l__regex_group_level_int=\count176
\l__regex_mode_int=\count177
\c__regex_cs_in_class_mode_int=\count178
\c__regex_cs_mode_int=\count179
\l__regex_catcodes_int=\count180
\l__regex_default_catcodes_int=\count181
\c__regex_catcode_D_int=\count182
\c__regex_catcode_S_int=\count183
\c__regex_catcode_L_int=\count184
\c__regex_catcode_O_int=\count185
\c__regex_catcode_A_int=\count186
\c__regex_all_catcodes_int=\count187
\l__regex_show_lines_int=\count188
\l__regex_min_state_int=\count189
\l__regex_max_state_int=\count190
\l__regex_left_state_int=\count191
\l__regex_right_state_int=\count192
\l__regex_capturing_group_int=\count193
\l__regex_min_pos_int=\count194
\l__regex_max_pos_int=\count195
\l__regex_curr_pos_int=\count196
\l__regex_start_pos_int=\count197
\l__regex_success_pos_int=\count198
\l__regex_curr_char_int=\count199
\l__regex_curr_catcode_int=\count266
\l__regex_last_char_int=\count267
\l__regex_case_changed_char_int=\count268
\l__regex_curr_state_int=\count269
\l__regex_step_int=\count270
\l__regex_min_active_int=\count271
\l__regex_max_active_int=\count272
\l__regex_replacement_csnames_int=\count273
\l__regex_match_count_int=\count274
\l__regex_min_submatch_int=\count275
\l__regex_submatch_int=\count276
\l__regex_zeroth_submatch_int=\count277
\g__regex_trace_regex_int=\count278
\c_empty_box=\box62
\l_tmpa_box=\box63
\l_tmpb_box=\box64
\g_tmpa_box=\box65
\g_tmpb_box=\box66
\l__box_top_dim=\dimen145
\l__box_bottom_dim=\dimen146
\l__box_left_dim=\dimen147
\l__box_right_dim=\dimen148
\l__box_top_new_dim=\dimen149
\l__box_bottom_new_dim=\dimen150
\l__box_left_new_dim=\dimen151
\l__box_right_new_dim=\dimen152
\l__box_internal_box=\box67
\l__coffin_internal_box=\box68
\l__coffin_internal_dim=\dimen153
\l__coffin_offset_x_dim=\dimen154
\l__coffin_offset_y_dim=\dimen155
\l__coffin_x_dim=\dimen156
\l__coffin_y_dim=\dimen157
\l__coffin_x_prime_dim=\dimen158
\l__coffin_y_prime_dim=\dimen159
\c_empty_coffin=\box69
\l__coffin_aligned_coffin=\box70
\l__coffin_aligned_internal_coffin=\box71
\l_tmpa_coffin=\box72
\l_tmpb_coffin=\box73
\g_tmpa_coffin=\box74
\g_tmpb_coffin=\box75
\l__coffin_bounding_shift_dim=\dimen160
\l__coffin_left_corner_dim=\dimen161
\l__coffin_right_corner_dim=\dimen162
\l__coffin_bottom_corner_dim=\dimen163
\l__coffin_top_corner_dim=\dimen164
\l__coffin_scaled_total_height_dim=\dimen165
\l__coffin_scaled_width_dim=\dimen166
\c__coffin_empty_coffin=\box76
\l__coffin_display_coffin=\box77
\l__coffin_display_coord_coffin=\box78
\l__coffin_display_pole_coffin=\box79
\l__coffin_display_offset_dim=\dimen167
\l__coffin_display_x_dim=\dimen168
\l__coffin_display_y_dim=\dimen169
\g__char_data_ior=\read2
(/usr/local/texlive/2019/texmf-dist/tex/latex/l3kernel/l3deprecation.def
File: l3deprecation.def 2019-04-06 v L3 Deprecated functions
)) (/usr/local/texlive/2019/texmf-dist/tex/latex/l3backend/l3backend-dvips.def
File: l3backend-dvips.def 2019-04-06 L3 backend support: dvips
\l__pdf_internal_box=\box80
\g__pdf_backend_object_int=\count279
\l__pdf_backend_content_box=\box81
\l__pdf_backend_model_box=\box82
\g__pdf_backend_annotation_int=\count280
\g__pdf_backend_link_int=\count281
\g__pdf_backend_link_sf_int=\count282
)) (/usr/local/texlive/2019/texmf-dist/tex/latex/l3packages/xparse/xparse.sty (
/usr/local/texlive/2019/texmf-dist/tex/generic/tex4ht/usepackage.4ht
version 2019-10-31-14:15
)
Package: xparse 2019-10-11 L3 Experimental document command parser
\l__xparse_current_arg_int=\count283
\g__xparse_grabber_int=\count284
\l__xparse_m_args_int=\count285
\l__xparse_v_nesting_int=\count286
)
Package: siunitx 2019/10/10 v2.7t A comprehensive (SI) units package
(/usr/local/texlive/2019/texmf-dist/tex/latex/l3packages/l3keys2e/l3keys2e.sty 
(/usr/local/texlive/2019/texmf-dist/tex/generic/tex4ht/usepackage.4ht
version 2019-10-31-14:15
)
Package: l3keys2e 2019-10-11 LaTeX2e option processing using LaTeX3 keys
)
\l__siunitx_tmp_box=\box83
\l__siunitx_tmp_dim=\dimen170
\l__siunitx_tmp_int=\count287
\l__siunitx_number_mantissa_length_int=\count288
\l__siunitx_number_uncert_length_int=\count289
\l__siunitx_round_int=\count290
\l__siunitx_process_decimal_int=\count291
\l__siunitx_process_uncertainty_int=\count292
\l__siunitx_process_fixed_int=\count293
\l__siunitx_process_integer_min_int=\count294
\l__siunitx_process_precision_int=\count295
\l__siunitx_group_min_int=\count296
\l__siunitx_angle_marker_box=\box84
\l__siunitx_angle_unit_box=\box85
\l__siunitx_angle_marker_dim=\dimen171
\l__siunitx_angle_unit_dim=\dimen172
\l__siunitx_unit_int=\count297
\l__siunitx_unit_denominator_int=\count298
\l__siunitx_unit_numerator_int=\count299
\l__siunitx_unit_prefix_int=\count300
\l__siunitx_unit_prefix_base_int=\count301
\l__siunitx_unit_prefix_gram_int=\count302
\l__siunitx_number_product_int=\count303
\c__siunitx_one_fill_skip=\skip59
\l__siunitx_table_unit_align_skip=\skip60
\l__siunitx_table_exponent_dim=\dimen173
\l__siunitx_table_integer_dim=\dimen174
\l__siunitx_table_mantissa_dim=\dimen175
\l__siunitx_table_marker_dim=\dimen176
\l__siunitx_table_result_dim=\dimen177
\l__siunitx_table_uncert_dim=\dimen178
\l__siunitx_table_fill_pre_dim=\dimen179
\l__siunitx_table_fill_post_dim=\dimen180
\l__siunitx_table_fill_mid_dim=\dimen181
\l__siunitx_table_pre_box=\box86
\l__siunitx_table_post_box=\box87
\l__siunitx_table_mantissa_box=\box88
\l__siunitx_table_result_box=\box89
\l__siunitx_table_number_align_skip=\skip61
\l__siunitx_table_text_align_skip=\skip62
(/usr/local/texlive/2019/texmf-dist/tex/latex/translator/translator.sty
Package: translator 2019-05-31 v1.12a Easy translation of strings in LaTeX
)) (/usr/local/texlive/2019/texmf-dist/tex/latex/blkarray/blkarray.sty
Package: blkarray 2015/02/27 v0.07 Block array (dpc)
\c@BAenumi=\count304
\BA@col=\count305
\BA@block@cnt=\count306
\BA@final@box=\box90
\BA@first@box=\box91
\BA@colsep=\dimen182
\BA@ftn=\toks33
\BAextrarowheight=\dimen183
\BAextraheightafterhline=\dimen184
\BAarrayrulewidth=\dimen185
\BAdoublerulesep=\dimen186
\BAfootskip=\dimen187
\BA@dashbox=\box92
\BA@ddashbox=\box93
) (/usr/local/texlive/2019/texmf-dist/tex/latex/hyperref/hyperref.sty
Package: hyperref 2019/11/10 v7.00c Hypertext links for LaTeX
(/usr/local/texlive/2019/texmf-dist/tex/generic/oberdiek/ltxcmds.sty
Package: ltxcmds 2016/05/16 v1.23 LaTeX kernel commands for general use (HO)
) (/usr/local/texlive/2019/texmf-dist/tex/latex/pdftexcmds/pdftexcmds.sty
Package: pdftexcmds 2019/11/24 v0.31 Utility functions of pdfTeX for LuaTeX (HO
)
(/usr/local/texlive/2019/texmf-dist/tex/generic/oberdiek/infwarerr.sty
Package: infwarerr 2016/05/16 v1.4 Providing info/warning/error messages (HO)
)
Package pdftexcmds Info: \pdf@primitive is available.
Package pdftexcmds Info: \pdf@ifprimitive is available.
Package pdftexcmds Info: \pdfdraftmode is ignored in DVI mode.
) (/usr/local/texlive/2019/texmf-dist/tex/generic/oberdiek/kvsetkeys.sty
Package: kvsetkeys 2016/05/16 v1.17 Key value parser (HO)
(/usr/local/texlive/2019/texmf-dist/tex/generic/oberdiek/etexcmds.sty
Package: etexcmds 2016/05/16 v1.6 Avoid name clashes with e-TeX commands (HO)
(/usr/local/texlive/2019/texmf-dist/tex/generic/iftex/ifluatex.sty
Package: ifluatex 2019/10/25 v1.5 ifluatex legacy package. Use iftex instead.
))) (/usr/local/texlive/2019/texmf-dist/tex/generic/oberdiek/kvdefinekeys.sty
Package: kvdefinekeys 2016/05/16 v1.4 Define keys (HO)
) (/usr/local/texlive/2019/texmf-dist/tex/generic/oberdiek/pdfescape.sty
Package: pdfescape 2016/05/16 v1.14 Implements pdfTeX's escape features (HO)
) (/usr/local/texlive/2019/texmf-dist/tex/latex/oberdiek/hycolor.sty
Package: hycolor 2016/05/16 v1.8 Color options for hyperref/bookmark (HO)
(/usr/local/texlive/2019/texmf-dist/tex/latex/oberdiek/xcolor-patch.sty
Package: xcolor-patch 2016/05/16 xcolor patch
(/usr/local/texlive/2019/texmf-dist/tex/latex/oberdiek/hopatch.sty
Package: hopatch 2016/05/16 v1.3 Wrapper for package hooks (HO)
))) (/usr/local/texlive/2019/texmf-dist/tex/latex/oberdiek/letltxmacro.sty
Package: letltxmacro 2016/05/16 v1.5 Let assignment for LaTeX macros (HO)
) (/usr/local/texlive/2019/texmf-dist/tex/latex/oberdiek/auxhook.sty
Package: auxhook 2016/05/16 v1.4 Hooks for auxiliary files (HO)

Package auxhook Warning: Cannot patch \document,
(auxhook)                using \AtBeginDocument instead.

) (/usr/local/texlive/2019/texmf-dist/tex/latex/kvoptions/kvoptions.sty
Package: kvoptions 2019/11/29 v3.13 Key value format for package options (HO)
)
\@linkdim=\dimen188
\Hy@linkcounter=\count307
\Hy@pagecounter=\count308
(/usr/local/texlive/2019/texmf-dist/tex/latex/hyperref/pd1enc.def
File: pd1enc.def 2019/11/10 v7.00c Hyperref: PDFDocEncoding definition (HO)
Now handling font encoding PD1 ...
... no UTF-8 mapping file for font encoding PD1
) (/usr/local/texlive/2019/texmf-dist/tex/generic/oberdiek/intcalc.sty
Package: intcalc 2016/05/16 v1.2 Expandable calculations with integers (HO)
)
\Hy@SavedSpaceFactor=\count309
(/usr/local/texlive/2019/texmf-dist/tex/latex/latexconfig/hyperref.cfg
File: hyperref.cfg 2002/06/06 v1.2 hyperref configuration of TeXLive
)
Package hyperref Info: Option `colorlinks' set `true' on input line 4409.
Package hyperref Info: Hyper figures OFF on input line 4535.
Package hyperref Info: Link nesting OFF on input line 4540.
Package hyperref Info: Hyper index ON on input line 4543.
Package hyperref Info: Plain pages OFF on input line 4550.
Package hyperref Info: Backreferencing OFF on input line 4555.
Package hyperref Info: Implicit mode ON; LaTeX internals redefined.
Package hyperref Info: Bookmarks ON on input line 4788.
\c@Hy@tempcnt=\count310
(/usr/local/texlive/2019/texmf-dist/tex/latex/url/url.sty
\Urlmuskip=\muskip17
Package: url 2013/09/16  ver 3.4  Verb mode for urls, etc.
)
LaTeX Info: Redefining \url on input line 5147.
\XeTeXLinkMargin=\dimen189
(/usr/local/texlive/2019/texmf-dist/tex/generic/oberdiek/bitset.sty
Package: bitset 2016/05/16 v1.2 Handle bit-vector datatype (HO)
(/usr/local/texlive/2019/texmf-dist/tex/generic/oberdiek/bigintcalc.sty
Package: bigintcalc 2016/05/16 v1.4 Expandable calculations on big integers (HO
)
))
\Fld@menulength=\count311
\Field@Width=\dimen190
\Fld@charsize=\dimen191
\Field@toks=\toks34
Package hyperref Info: Hyper figures OFF on input line 6418.
Package hyperref Info: Link nesting OFF on input line 6423.
Package hyperref Info: Hyper index ON on input line 6426.
Package hyperref Info: backreferencing OFF on input line 6433.
Package hyperref Info: Link coloring ON on input line 6436.
Package hyperref Info: Link coloring with OCG OFF on input line 6443.
Package hyperref Info: PDF/A mode OFF on input line 6448.
LaTeX Info: Redefining \ref on input line 6488.
LaTeX Info: Redefining \pageref on input line 6492.
(/usr/local/texlive/2019/texmf-dist/tex/generic/oberdiek/atbegshi.sty
Package: atbegshi 2016/06/09 v1.18 At begin shipout hook (HO)
)
\Hy@abspage=\count312

Package hyperref Message: Stopped early.

)
Package hyperref Info: Driver: htex4ht.
(/usr/local/texlive/2019/texmf-dist/tex/latex/hyperref/htex4ht.def
File: htex4ht.def 2019/11/10 v7.00c Hyperref driver for TeX4ht
Package hyperref Info: tex4ht is already loaded.
) (/usr/local/texlive/2019/texmf-dist/tex/latex/soul/soul.sty
Package: soul 2003/11/17 v2.4 letterspacing/underlining (mf)
\SOUL@word=\toks35
\SOUL@lasttoken=\toks36
\SOUL@cmds=\toks37
\SOUL@buffer=\toks38
\SOUL@token=\toks39
\SOUL@spaceskip=\skip63
\SOUL@ttwidth=\dimen192
\SOUL@uldp=\dimen193
\SOUL@ulht=\dimen194
) (/usr/local/texlive/2019/texmf-dist/tex/latex/titling/titling.sty
Package: titling 2009/09/04 v2.1d maketitle typesetting
\thanksmarkwidth=\skip64
\thanksmargin=\skip65
\droptitle=\skip66
) (/usr/local/texlive/2019/texmf-dist/tex/latex/lstaddons/lstautogobble.sty
Package: lstautogobble 2012/05/03 v0.1 Implements 'autogobble' option for 'list
ings'
\lstag@spacecount=\count313
) (/usr/local/texlive/2019/texmf-dist/tex/latex/listings/lstlang1.sty
File: lstlang1.sty 2019/09/10 1.8c listings language file
) (/usr/local/texlive/2019/texmf-dist/tex/latex/listings/lstlang2.sty
File: lstlang2.sty 2019/09/10 1.8c listings language file
) (/usr/local/texlive/2019/texmf-dist/tex/latex/listings/lstlang3.sty
File: lstlang3.sty 2019/09/10 1.8c listings language file
)) (/usr/local/texlive/2019/texmf-dist/tex/latex/base/inputenc.sty
Package: inputenc 2018/08/11 v1.3c Input encoding file
\inpenc@prehook=\toks40
\inpenc@posthook=\toks41
) (/usr/local/texlive/2019/texmf-dist/tex/generic/babel/babel.sty
Package: babel 2019/11/14 3.36 The Babel package
(/usr/local/texlive/2019/texmf-dist/tex/generic/babel/switch.def
File: switch.def 2019/11/14 3.36 Babel switching mechanism
) (/usr/local/texlive/2019/texmf-dist/tex/generic/babel-english/english.ldf
Language: english 2017/06/06 v3.3r English support from the babel system
(/usr/local/texlive/2019/texmf-dist/tex/generic/babel/babel.def
File: babel.def 2019/11/14 3.36 Babel common definitions
\babel@savecnt=\count314
\U@D=\dimen195
(/usr/local/texlive/2019/texmf-dist/tex/generic/babel/txtbabel.def)
\bbl@dirlevel=\count315
)
Package babel Info: \l@canadian = using hyphenrules for english
(babel)             (\language0) on input line 102.
Package babel Info: \l@australian = using hyphenrules for ukenglish
(babel)             (\language21) on input line 105.
Package babel Info: \l@newzealand = using hyphenrules for ukenglish
(babel)             (\language21) on input line 108.
)) (/usr/local/texlive/2019/texmf-dist/tex/latex/mathtools/mathtools.sty
Package: mathtools 2019/07/31 v1.22 mathematical typesetting tools
(/usr/local/texlive/2019/texmf-dist/tex/latex/tools/calc.sty
Package: calc 2017/05/25 v4.3 Infix arithmetic (KKT,FJ)
\calc@Acount=\count316
\calc@Bcount=\count317
\calc@Adimen=\dimen196
\calc@Bdimen=\dimen197
\calc@Askip=\skip67
\calc@Bskip=\skip68
LaTeX Info: Redefining \setlength on input line 80.
LaTeX Info: Redefining \addtolength on input line 81.
\calc@Ccount=\count318
\calc@Cskip=\skip69
) (/usr/local/texlive/2019/texmf-dist/tex/latex/mathtools/mhsetup.sty
Package: mhsetup 2017/03/31 v1.3 programming setup (MH)
)
LaTeX Info: Thecontrolsequence`\('isalreadyrobust on input line 129.
LaTeX Info: Thecontrolsequence`\)'isalreadyrobust on input line 129.
LaTeX Info: Thecontrolsequence`\['isalreadyrobust on input line 129.
LaTeX Info: Thecontrolsequence`\]'isalreadyrobust on input line 129.
\g_MT_multlinerow_int=\count319
\l_MT_multwidth_dim=\dimen198
\origjot=\skip70
\l_MT_shortvdotswithinadjustabove_dim=\dimen199
\l_MT_shortvdotswithinadjustbelow_dim=\dimen256
\l_MT_above_intertext_sep=\dimen257
\l_MT_below_intertext_sep=\dimen258
\l_MT_above_shortintertext_sep=\dimen259
\l_MT_below_shortintertext_sep=\dimen260
)
Package hyperref Info: Option `colorlinks' set `true' on input line 16.
(/compile/my.cfg (/usr/local/texlive/2019/texmf-dist/tex/generic/tex4ht/tex4ht.
4ht
version 2018-12-30-09:29
--------------------------------------
--- Note --- for additional information, use the command line option `info'
--------------------------------------
::::::::::::::::::::::::::::::::::::::::::
 TeX4ht info is available in the log file 
::::::::::::::::::::::::::::::::::::::::::
) (/usr/local/texlive/2019/texmf-dist/tex/generic/tex4ht/tex4ht.sty
version 2019-03-18-15:24
--- needs --- tex4ht main ---
\tmp:cnt=\count320
\openout15 = `main.tmp'.

(/compile/main.tmp)
\tmp:dim=\skip71
l.1444 --- TeX4ht warning --- No file main.xref ---
\:refout=\write4
\openout4 = `main.xref'.

(/usr/local/texlive/2019/texmf-dist/tex/generic/tex4ht/html4.4ht
version 2019-11-07-14:08
--------------------------------------
--- Note --- to remove the <?xml version=...?> processing instruction use the c
ommand line option `no-VERSION'
--------------------------------------
--------------------------------------
--- Note --- to remove the DOCTYPE declaration use the command line option `no-
DOCTYPE'
--------------------------------------
) (/usr/local/texlive/2019/texmf-dist/tex/generic/tex4ht/unicode.4ht
version 2019-06-06-15:03
) (/usr/local/texlive/2019/texmf-dist/tex/generic/tex4ht/mathml.4ht
version 2019-11-26-14:23
) (/usr/local/texlive/2019/texmf-dist/tex/generic/tex4ht/html-mml.4ht
version 2018-12-05-15:46
) (/usr/local/texlive/2019/texmf-dist/tex/generic/tex4ht/html5.4ht
version 2019-11-21-13:36
)
--------------------------------------
--- Note --- for marking of the base font, use the command line option `fonts+'

--------------------------------------
--------------------------------------
--- Note --- for non active _, use the command line option `no_'
--------------------------------------
--------------------------------------
--- Note --- for _ of catcode 13, use the command line option `_13'
--------------------------------------
--------------------------------------
--- Note --- for non active ^, use the command line option `no^'
--------------------------------------
--------------------------------------
--- Note --- for ^ of catcode 13, use the command line option `^13'
--------------------------------------
(/usr/local/texlive/2019/texmf-dist/tex/generic/tex4ht/html4.4ht
version 2019-11-07-14:08
--------------------------------------
--- Note --- to ignore CSS font decoration, use the `NoFonts' command line opti
on
--------------------------------------
--------------------------------------
--- Note --- for jpg bitmaps of pictures, use the `jpg' command line option. (C
haracter bitmaps are controled only by `g' records of tex4ht.env and `-g' switc
hes of tex4ht.c) 
--------------------------------------
--------------------------------------
--- Note --- for gif bitmaps of pictures, use the `gif' command line option. (C
haracter bitmaps are controled only by `g' records of tex4ht.env and `-g' switc
hes of tex4ht.c) 
--------------------------------------
--------------------------------------
--- Note --- for content and toc in 2 frames, use the command line option `fram
es'
--------------------------------------
--------------------------------------
--- Note --- for content, toc, and footnotes in 3 frames, use the command line 
option `frames-fn'
--------------------------------------
--------------------------------------
--- Note --- for file extension name xht, use the command line option `xht'
--------------------------------------
TeX4ht package options: charset=utf-8,html5,html,xhtml,mathml
--------------------------------------
--- Note --- To print a timestamp, use the command line option timestamp
--------------------------------------
--------------------------------------
--- Note --- to ignore CSS code, use the command line option `-css
--------------------------------------
--------------------------------------
--- Note --- for inline CSS code, use the command line option `css-in'
--------------------------------------
--------------------------------------
--- Note --- for pop ups on mouse over, use the command line option `mouseover'

--------------------------------------
--------------------------------------
--- Note --- for addressing images in a subdirectory, use the command line opti
on `imgdir:.../'
--------------------------------------
) (/usr/local/texlive/2019/texmf-dist/tex/generic/tex4ht/unicode.4ht
version 2019-06-06-15:03
) (/usr/local/texlive/2019/texmf-dist/tex/generic/tex4ht/mathml.4ht
version 2019-11-26-14:23
) (/usr/local/texlive/2019/texmf-dist/tex/generic/tex4ht/html-mml.4ht
version 2018-12-05-15:46
) (/usr/local/texlive/2019/texmf-dist/tex/generic/tex4ht/html5.4ht
version 2019-11-21-13:36
--------------------------------------
--- Note --- To print a timestamp, use the command line option timestamp
--------------------------------------
)
\:tokwrite=\toks42
\:tokpage=\toks43
--------------------------------------
--- Note --- for back links to toc, use the command line option `sections+'
--------------------------------------
--------------------------------------
--- Note --- for linear crosslinks of pages, use the command line option `next'

--------------------------------------
\:tocout=\write5
\openout5 = `main.4tc'.

(/usr/local/texlive/2019/texmf-dist/tex/generic/tex4ht/html4.4ht
version 2019-11-07-14:08
) (/usr/local/texlive/2019/texmf-dist/tex/generic/tex4ht/unicode.4ht
version 2019-06-06-15:03
) (/usr/local/texlive/2019/texmf-dist/tex/generic/tex4ht/mathml.4ht
version 2019-11-26-14:23
) (/usr/local/texlive/2019/texmf-dist/tex/generic/tex4ht/html-mml.4ht
version 2018-12-05-15:46
) (/usr/local/texlive/2019/texmf-dist/tex/generic/tex4ht/html5.4ht
version 2019-11-21-13:36
) (/usr/local/texlive/2019/texmf-dist/tex/generic/tex4ht/latex.4ht
version 2019-08-26-14:22
LaTeX Info: Redefining \_ on input line 168.
--------------------------------------
--- Note --- for links into captions, instead of float heads, use the command l
ine option `refcaption'
--------------------------------------
(/usr/local/texlive/2019/texmf-dist/tex/generic/tex4ht/html4.4ht
version 2019-11-07-14:08
) (/usr/local/texlive/2019/texmf-dist/tex/generic/tex4ht/unicode.4ht
version 2019-06-06-15:03
) (/usr/local/texlive/2019/texmf-dist/tex/generic/tex4ht/mathml.4ht
version 2019-11-26-14:23
) (/usr/local/texlive/2019/texmf-dist/tex/generic/tex4ht/html-mml.4ht
version 2018-12-05-15:46
) (/usr/local/texlive/2019/texmf-dist/tex/generic/tex4ht/html5.4ht
version 2019-11-21-13:36
) (/usr/local/texlive/2019/texmf-dist/tex/generic/tex4ht/html4.4ht
version 2019-11-07-14:08
--------------------------------------
--- Note --- For mini tocs immediately aftter the header use the command line o
ption `minitoc<'
--------------------------------------
--------------------------------------
--- Note --- for enumerated list elements with valued data, use the command lin
e option `enumerate+'
--------------------------------------
--------------------------------------
--- Note --- for enumerated list elements li's with value attributes, use the c
ommand line option `enumerate-'
--------------------------------------
--------------------------------------
--- Note --- for CSS2 code, use the command line option `css2'
--------------------------------------
--------------------------------------
--- Note --- for pictorial tabular, use the command line option `pic-tabular'
--------------------------------------
--------------------------------------
--- Note --- for bitmap fbox'es, use the command line option `pic-fbox'
--------------------------------------
--------------------------------------
--- Note --- for bitmap framebox'es, use the command line option `pic-framebox'

--------------------------------------
--------------------------------------
--- Note --- for inline footnotes use command line option `fn-in'
--------------------------------------
--------------------------------------
--- Note --- for tracing of latex font commands, use the command line option `f
onts'
--------------------------------------
--------------------------------------
--- Note --- for width specifications of tabular p entries, use the `p-width' c
ommand line option or a configuration similar to \Configure{HColWidth}{\HCode{ 
style="width:\HColWidth"}}
--------------------------------------
) (/usr/local/texlive/2019/texmf-dist/tex/generic/tex4ht/unicode.4ht
version 2019-06-06-15:03
) (/usr/local/texlive/2019/texmf-dist/tex/generic/tex4ht/mathml.4ht
version 2019-11-26-14:23
) (/usr/local/texlive/2019/texmf-dist/tex/generic/tex4ht/html-mml.4ht
version 2018-12-05-15:46
) (/usr/local/texlive/2019/texmf-dist/tex/generic/tex4ht/html5.4ht
version 2019-11-21-13:36
)) (/usr/local/texlive/2019/texmf-dist/tex/generic/tex4ht/fontmath.4ht
version 2018-11-06-15:55
(/usr/local/texlive/2019/texmf-dist/tex/generic/tex4ht/html4.4ht
version 2019-11-07-14:08
) (/usr/local/texlive/2019/texmf-dist/tex/generic/tex4ht/unicode.4ht
version 2019-06-06-15:03
) (/usr/local/texlive/2019/texmf-dist/tex/generic/tex4ht/mathml.4ht
version 2019-11-26-14:23
\tmp:bx=\box94
[1

]
LaTeX Font Info:    Trying to load font information for U+msa on input line 138
9.
(/usr/local/texlive/2019/texmf-dist/tex/latex/amsfonts/umsa.fd
File: umsa.fd 2013/01/14 v3.01 AMS symbols A
)
LaTeX Font Info:    Trying to load font information for U+msb on input line 138
9.
(/usr/local/texlive/2019/texmf-dist/tex/latex/amsfonts/umsb.fd
File: umsb.fd 2013/01/14 v3.01 AMS symbols B
) [2] [3] [4] [5] [6] [7] [8] [9] [10] [11] [12] [13] [14] [15] [16] [17] [18] 
[19] [20] [21] [22] [23] [24] [25] [26] [27] [28] [29] [30] [31] [32] [33] [34]
[35] [36] [37] [38] [39] [40] [41] [42] [43] [44] [45] [46] [47] [48]
--------------------------------------
--- Note --- for sources failing to produce clean mathml code, try the command 
line option `mathml-'
--------------------------------------
[49] [50] [51] [52] [53]) (/usr/local/texlive/2019/texmf-dist/tex/generic/tex4h
t/html-mml.4ht
version 2018-12-05-15:46
) (/usr/local/texlive/2019/texmf-dist/tex/generic/tex4ht/html5.4ht
version 2019-11-21-13:36
)) (/usr/local/texlive/2019/texmf-dist/tex/generic/tex4ht/article.4ht (/usr/loc
al/texlive/2019/texmf-dist/tex/generic/tex4ht/html4.4ht
version 2019-11-07-14:08
--------------------------------------
--- Note --- for automatic sectioning pagination, use the command line option `
1', `2', `3', '4', '5', '6', or '7'
--------------------------------------
--------------------------------------
--- Note --- for files named derived from section titles, use the command line 
option `sec-filename'
--------------------------------------
--------------------------------------
--- Note --- for i-columns index, use the command line option `index=i' (e.g., 
index=2)
--------------------------------------
) (/usr/local/texlive/2019/texmf-dist/tex/generic/tex4ht/unicode.4ht
version 2019-06-06-15:03
) (/usr/local/texlive/2019/texmf-dist/tex/generic/tex4ht/mathml.4ht
version 2019-11-26-14:23
) (/usr/local/texlive/2019/texmf-dist/tex/generic/tex4ht/html-mml.4ht
version 2018-12-05-15:46
) (/usr/local/texlive/2019/texmf-dist/tex/generic/tex4ht/html5.4ht
version 2019-11-21-13:36
)) (/usr/local/texlive/2019/texmf-dist/tex/generic/tex4ht/geometry.4ht
version 2016-07-01-08:55
(/usr/local/texlive/2019/texmf-dist/tex/generic/tex4ht/html4.4ht
version 2019-11-07-14:08
) (/usr/local/texlive/2019/texmf-dist/tex/generic/tex4ht/unicode.4ht
version 2019-06-06-15:03
) (/usr/local/texlive/2019/texmf-dist/tex/generic/tex4ht/mathml.4ht
version 2019-11-26-14:23
) (/usr/local/texlive/2019/texmf-dist/tex/generic/tex4ht/html-mml.4ht
version 2018-12-05-15:46
) (/usr/local/texlive/2019/texmf-dist/tex/generic/tex4ht/html5.4ht
version 2019-11-21-13:36
)) (/usr/local/texlive/2019/texmf-dist/tex/generic/tex4ht/amsthm.4ht
version 2009-05-21-09:32
(/usr/local/texlive/2019/texmf-dist/tex/generic/tex4ht/html4.4ht
version 2019-11-07-14:08
) (/usr/local/texlive/2019/texmf-dist/tex/generic/tex4ht/unicode.4ht
version 2019-06-06-15:03
) (/usr/local/texlive/2019/texmf-dist/tex/generic/tex4ht/mathml.4ht
version 2019-11-26-14:23
) (/usr/local/texlive/2019/texmf-dist/tex/generic/tex4ht/html-mml.4ht
version 2018-12-05-15:46
) (/usr/local/texlive/2019/texmf-dist/tex/generic/tex4ht/html5.4ht
version 2019-11-21-13:36
)) (/usr/local/texlive/2019/texmf-dist/tex/generic/tex4ht/amsmath.4ht
version 2019-01-24-14:21
\tmp:muskip=\muskip18
(/usr/local/texlive/2019/texmf-dist/tex/generic/tex4ht/html4.4ht
version 2019-11-07-14:08
) (/usr/local/texlive/2019/texmf-dist/tex/generic/tex4ht/unicode.4ht
version 2019-06-06-15:03
) (/usr/local/texlive/2019/texmf-dist/tex/generic/tex4ht/mathml.4ht
version 2019-11-26-14:23
) (/usr/local/texlive/2019/texmf-dist/tex/generic/tex4ht/html-mml.4ht
version 2018-12-05-15:46
) (/usr/local/texlive/2019/texmf-dist/tex/generic/tex4ht/html5.4ht
version 2019-11-21-13:36
)) (/usr/local/texlive/2019/texmf-dist/tex/generic/tex4ht/amstext.4ht
version 2009-05-21-09:32
(/usr/local/texlive/2019/texmf-dist/tex/generic/tex4ht/html4.4ht
version 2019-11-07-14:08
) (/usr/local/texlive/2019/texmf-dist/tex/generic/tex4ht/unicode.4ht
version 2019-06-06-15:03
) (/usr/local/texlive/2019/texmf-dist/tex/generic/tex4ht/mathml.4ht
version 2019-11-26-14:23
) (/usr/local/texlive/2019/texmf-dist/tex/generic/tex4ht/html-mml.4ht
version 2018-12-05-15:46
) (/usr/local/texlive/2019/texmf-dist/tex/generic/tex4ht/html5.4ht
version 2019-11-21-13:36
)) (/usr/local/texlive/2019/texmf-dist/tex/generic/tex4ht/amsbsy.4ht
version 2009-05-21-09:32
(/usr/local/texlive/2019/texmf-dist/tex/generic/tex4ht/html4.4ht
version 2019-11-07-14:08
) (/usr/local/texlive/2019/texmf-dist/tex/generic/tex4ht/unicode.4ht
version 2019-06-06-15:03
) (/usr/local/texlive/2019/texmf-dist/tex/generic/tex4ht/mathml.4ht
version 2019-11-26-14:23
) (/usr/local/texlive/2019/texmf-dist/tex/generic/tex4ht/html-mml.4ht
version 2018-12-05-15:46
) (/usr/local/texlive/2019/texmf-dist/tex/generic/tex4ht/html5.4ht
version 2019-11-21-13:36
)) (/usr/local/texlive/2019/texmf-dist/tex/generic/tex4ht/amsopn.4ht
version 2009-05-21-09:32
(/usr/local/texlive/2019/texmf-dist/tex/generic/tex4ht/html4.4ht
version 2019-11-07-14:08
) (/usr/local/texlive/2019/texmf-dist/tex/generic/tex4ht/unicode.4ht
version 2019-06-06-15:03
) (/usr/local/texlive/2019/texmf-dist/tex/generic/tex4ht/mathml.4ht
version 2019-11-26-14:23
) (/usr/local/texlive/2019/texmf-dist/tex/generic/tex4ht/html-mml.4ht
version 2018-12-05-15:46
) (/usr/local/texlive/2019/texmf-dist/tex/generic/tex4ht/html5.4ht
version 2019-11-21-13:36
)) (/usr/local/texlive/2019/texmf-dist/tex/generic/tex4ht/amsfonts.4ht
version 2009-05-21-09:32
(/usr/local/texlive/2019/texmf-dist/tex/generic/tex4ht/html4.4ht
version 2019-11-07-14:08
) (/usr/local/texlive/2019/texmf-dist/tex/generic/tex4ht/unicode.4ht
version 2019-06-06-15:03
) (/usr/local/texlive/2019/texmf-dist/tex/generic/tex4ht/mathml.4ht
version 2019-11-26-14:23
) (/usr/local/texlive/2019/texmf-dist/tex/generic/tex4ht/html-mml.4ht
version 2018-12-05-15:46
) (/usr/local/texlive/2019/texmf-dist/tex/generic/tex4ht/html5.4ht
version 2019-11-21-13:36
)) (/usr/local/texlive/2019/texmf-dist/tex/generic/tex4ht/amssymb.4ht
version 2009-05-21-09:32
(/usr/local/texlive/2019/texmf-dist/tex/generic/tex4ht/html4.4ht
version 2019-11-07-14:08
) (/usr/local/texlive/2019/texmf-dist/tex/generic/tex4ht/unicode.4ht
version 2019-06-06-15:03
) (/usr/local/texlive/2019/texmf-dist/tex/generic/tex4ht/mathml.4ht
version 2019-11-26-14:23
[54] [55] [56] [57] [58] [59] [60] [61] [62] [63] [64] [65] [66] [67] [68] [69]
[70] [71] [72] [73] [74] [75] [76] [77] [78] [79] [80] [81] [82] [83] [84] [85]
[86] [87] [88] [89] [90] [91] [92] [93] [94] [95] [96] [97] [98] [99] [100] [10
1] [102] [103] [104] [105] [106] [107] [108] [109] [110] [111] [112] [113] [114
] [115] [116] [117] [118] [119] [120] [121] [122] [123] [124] [125] [126] [127]
[128] [129] [130] [131] [132] [133] [134] [135] [136] [137] [138] [139] [140] [
141] [142] [143] [144] [145] [146] [147] [148] [149] [150] [151] [152] [153] [1
54] [155] [156] [157] [158] [159] [160] [161] [162] [163] [164] [165] [166] [16
7] [168] [169] [170] [171] [172] [173] [174] [175] [176] [177] [178] [179] [180
] [181] [182] [183] [184] [185] [186] [187] [188] [189] [190] [191] [192] [193]
[194] [195] [196] [197] [198] [199] [200] [201] [202] [203] [204] [205] [206] [
207] [208] [209] [210] [211] [212] [213] [214] [215] [216] [217] [218] [219] [2
20] [221] [222] [223] [224] [225] [226] [227] [228] [229] [230] [231] [232] [23
3] [234] [235] [236] [237] [238] [239] [240] [241] [242] [243] [244] [245] [246
] [247] [248] [249] [250] [251] [252] [253] [254] [255] [256] [257]) (/usr/loca
l/texlive/2019/texmf-dist/tex/generic/tex4ht/html-mml.4ht
version 2018-12-05-15:46
) (/usr/local/texlive/2019/texmf-dist/tex/generic/tex4ht/html5.4ht
version 2019-11-21-13:36
)) (/usr/local/texlive/2019/texmf-dist/tex/generic/tex4ht/multicol.4ht
version 2013-07-31-09:45
(/usr/local/texlive/2019/texmf-dist/tex/generic/tex4ht/html4.4ht
version 2019-11-07-14:08
) (/usr/local/texlive/2019/texmf-dist/tex/generic/tex4ht/unicode.4ht
version 2019-06-06-15:03
) (/usr/local/texlive/2019/texmf-dist/tex/generic/tex4ht/mathml.4ht
version 2019-11-26-14:23
) (/usr/local/texlive/2019/texmf-dist/tex/generic/tex4ht/html-mml.4ht
version 2018-12-05-15:46
) (/usr/local/texlive/2019/texmf-dist/tex/generic/tex4ht/html5.4ht
version 2019-11-21-13:36
)) (/usr/local/texlive/2019/texmf-dist/tex/generic/tex4ht/listings.4ht
version 2017-04-22-16:03
(/usr/local/texlive/2019/texmf-dist/tex/generic/tex4ht/html4.4ht
version 2019-11-07-14:08
--------------------------------------
--- Note --- to ensure proper alignments use fixed size fonts (see listings.dtx
)
--------------------------------------
) (/usr/local/texlive/2019/texmf-dist/tex/generic/tex4ht/unicode.4ht
version 2019-06-06-15:03
) (/usr/local/texlive/2019/texmf-dist/tex/generic/tex4ht/mathml.4ht
version 2019-11-26-14:23
) (/usr/local/texlive/2019/texmf-dist/tex/generic/tex4ht/html-mml.4ht
version 2018-12-05-15:46
) (/usr/local/texlive/2019/texmf-dist/tex/generic/tex4ht/html5.4ht
version 2019-11-21-13:36
)) (/usr/local/texlive/2019/texmf-dist/tex/generic/tex4ht/color.4ht (/usr/local
/texlive/2019/texmf-dist/tex/generic/tex4ht/html4.4ht
version 2019-11-07-14:08
) (/usr/local/texlive/2019/texmf-dist/tex/generic/tex4ht/unicode.4ht
version 2019-06-06-15:03
) (/usr/local/texlive/2019/texmf-dist/tex/generic/tex4ht/mathml.4ht
version 2019-11-26-14:23
) (/usr/local/texlive/2019/texmf-dist/tex/generic/tex4ht/html-mml.4ht
version 2018-12-05-15:46
) (/usr/local/texlive/2019/texmf-dist/tex/generic/tex4ht/html5.4ht
version 2019-11-21-13:36
)) (/usr/local/texlive/2019/texmf-dist/tex/generic/tex4ht/dvips.4ht
version 2009-05-21-09:32
(/usr/local/texlive/2019/texmf-dist/tex/generic/tex4ht/html4.4ht
version 2019-11-07-14:08
) (/usr/local/texlive/2019/texmf-dist/tex/generic/tex4ht/unicode.4ht
version 2019-06-06-15:03
) (/usr/local/texlive/2019/texmf-dist/tex/generic/tex4ht/mathml.4ht
version 2019-11-26-14:23
) (/usr/local/texlive/2019/texmf-dist/tex/generic/tex4ht/html-mml.4ht
version 2018-12-05-15:46
) (/usr/local/texlive/2019/texmf-dist/tex/generic/tex4ht/html5.4ht
version 2019-11-21-13:36
)) (/usr/local/texlive/2019/texmf-dist/tex/generic/tex4ht/dvipsnam.4ht
version 2009-05-21-09:32
(/usr/local/texlive/2019/texmf-dist/tex/latex/graphics/dvipsnam.def) (/usr/loca
l/texlive/2019/texmf-dist/tex/generic/tex4ht/html4.4ht
version 2019-11-07-14:08
) (/usr/local/texlive/2019/texmf-dist/tex/generic/tex4ht/unicode.4ht
version 2019-06-06-15:03
) (/usr/local/texlive/2019/texmf-dist/tex/generic/tex4ht/mathml.4ht
version 2019-11-26-14:23
) (/usr/local/texlive/2019/texmf-dist/tex/generic/tex4ht/html-mml.4ht
version 2018-12-05-15:46
) (/usr/local/texlive/2019/texmf-dist/tex/generic/tex4ht/html5.4ht
version 2019-11-21-13:36
)) (/usr/local/texlive/2019/texmf-dist/tex/generic/tex4ht/xcolor.4ht
version 2019-04-09-10:06
(/usr/local/texlive/2019/texmf-dist/tex/generic/tex4ht/color.4ht) (/usr/local/t
exlive/2019/texmf-dist/tex/generic/tex4ht/html4.4ht
version 2019-11-07-14:08
) (/usr/local/texlive/2019/texmf-dist/tex/generic/tex4ht/unicode.4ht
version 2019-06-06-15:03
) (/usr/local/texlive/2019/texmf-dist/tex/generic/tex4ht/mathml.4ht
version 2019-11-26-14:23
) (/usr/local/texlive/2019/texmf-dist/tex/generic/tex4ht/html-mml.4ht
version 2018-12-05-15:46
) (/usr/local/texlive/2019/texmf-dist/tex/generic/tex4ht/html5.4ht
version 2019-11-21-13:36
)) (/usr/local/texlive/2019/texmf-dist/tex/generic/tex4ht/svgnam.4ht
version 2009-05-21-09:32
(/usr/local/texlive/2019/texmf-dist/tex/latex/xcolor/svgnam.def) (/usr/local/te
xlive/2019/texmf-dist/tex/generic/tex4ht/html4.4ht
version 2019-11-07-14:08
) (/usr/local/texlive/2019/texmf-dist/tex/generic/tex4ht/unicode.4ht
version 2019-06-06-15:03
) (/usr/local/texlive/2019/texmf-dist/tex/generic/tex4ht/mathml.4ht
version 2019-11-26-14:23
) (/usr/local/texlive/2019/texmf-dist/tex/generic/tex4ht/html-mml.4ht
version 2018-12-05-15:46
) (/usr/local/texlive/2019/texmf-dist/tex/generic/tex4ht/html5.4ht
version 2019-11-21-13:36
)) (/usr/local/texlive/2019/texmf-dist/tex/generic/tex4ht/graphicx.4ht
version 2018-10-01-14:24
(/usr/local/texlive/2019/texmf-dist/tex/generic/tex4ht/html4.4ht
version 2019-11-07-14:08
) (/usr/local/texlive/2019/texmf-dist/tex/generic/tex4ht/unicode.4ht
version 2019-06-06-15:03
) (/usr/local/texlive/2019/texmf-dist/tex/generic/tex4ht/mathml.4ht
version 2019-11-26-14:23
) (/usr/local/texlive/2019/texmf-dist/tex/generic/tex4ht/html-mml.4ht
version 2018-12-05-15:46
) (/usr/local/texlive/2019/texmf-dist/tex/generic/tex4ht/html5.4ht
version 2019-11-21-13:36
)) (/usr/local/texlive/2019/texmf-dist/tex/generic/tex4ht/graphics.4ht (/usr/lo
cal/texlive/2019/texmf-dist/tex/generic/tex4ht/html4.4ht
version 2019-11-07-14:08
--------------------------------------
--- Note --- if included graphics are of degraded quality, try the command line
 options `graphics-num' or `graphics-'. The `num' should provide the density of
 pixels in the bitmaps (e.g., 110). 
--------------------------------------
--------------------------------------
--- Note --- for key dimensions try the option `Gin-dim'; for key dimensions wh
en bounding box is unavailable try `Gin-dim+'; neither is recommended
--------------------------------------
) (/usr/local/texlive/2019/texmf-dist/tex/generic/tex4ht/unicode.4ht
version 2019-06-06-15:03
) (/usr/local/texlive/2019/texmf-dist/tex/generic/tex4ht/mathml.4ht
version 2019-11-26-14:23
) (/usr/local/texlive/2019/texmf-dist/tex/generic/tex4ht/html-mml.4ht
version 2018-12-05-15:46
) (/usr/local/texlive/2019/texmf-dist/tex/generic/tex4ht/html5.4ht
version 2019-11-21-13:36
)) (/usr/local/texlive/2019/texmf-dist/tex/generic/tex4ht/float.4ht
version 2009-05-21-09:32
(/usr/local/texlive/2019/texmf-dist/tex/generic/tex4ht/html4.4ht
version 2019-11-07-14:08
) (/usr/local/texlive/2019/texmf-dist/tex/generic/tex4ht/unicode.4ht
version 2019-06-06-15:03
) (/usr/local/texlive/2019/texmf-dist/tex/generic/tex4ht/mathml.4ht
version 2019-11-26-14:23
) (/usr/local/texlive/2019/texmf-dist/tex/generic/tex4ht/html-mml.4ht
version 2018-12-05-15:46
) (/usr/local/texlive/2019/texmf-dist/tex/generic/tex4ht/html5.4ht
version 2019-11-21-13:36
)) (/usr/local/texlive/2019/texmf-dist/tex/generic/tex4ht/array.4ht
version 2009-05-21-09:32
(/usr/local/texlive/2019/texmf-dist/tex/generic/tex4ht/html4.4ht
version 2019-11-07-14:08
) (/usr/local/texlive/2019/texmf-dist/tex/generic/tex4ht/unicode.4ht
version 2019-06-06-15:03
) (/usr/local/texlive/2019/texmf-dist/tex/generic/tex4ht/mathml.4ht
version 2019-11-26-14:23
) (/usr/local/texlive/2019/texmf-dist/tex/generic/tex4ht/html-mml.4ht
version 2018-12-05-15:46
) (/usr/local/texlive/2019/texmf-dist/tex/generic/tex4ht/html5.4ht
version 2019-11-21-13:36
)) (/usr/local/texlive/2019/texmf-dist/tex/generic/tex4ht/fancyvrb.4ht (/usr/lo
cal/texlive/2019/texmf-dist/tex/generic/tex4ht/html4.4ht
version 2019-11-07-14:08
) (/usr/local/texlive/2019/texmf-dist/tex/generic/tex4ht/unicode.4ht
version 2019-06-06-15:03
) (/usr/local/texlive/2019/texmf-dist/tex/generic/tex4ht/mathml.4ht
version 2019-11-26-14:23
) (/usr/local/texlive/2019/texmf-dist/tex/generic/tex4ht/html-mml.4ht
version 2018-12-05-15:46
) (/usr/local/texlive/2019/texmf-dist/tex/generic/tex4ht/html5.4ht
version 2019-11-21-13:36
)) (/usr/local/texlive/2019/texmf-dist/tex/generic/tex4ht/hyperref.4ht
version 2019-09-14-15:17
(/usr/local/texlive/2019/texmf-dist/tex/latex/hyperref/nameref.sty
Package: nameref 2019/09/16 v2.46 Cross-referencing by name of section
(/usr/local/texlive/2019/texmf-dist/tex/latex/oberdiek/refcount.sty
Package: refcount 2016/05/16 v3.5 Data extraction from label references (HO)
) (/usr/local/texlive/2019/texmf-dist/tex/generic/oberdiek/gettitlestring.sty
Package: gettitlestring 2016/05/16 v1.5 Cleanup title references (HO)
)
\c@section@level=\count321
) (/usr/local/texlive/2019/texmf-dist/tex/generic/tex4ht/nameref.4ht
version 2017-11-27-09:16
(/usr/local/texlive/2019/texmf-dist/tex/generic/tex4ht/html4.4ht
version 2019-11-07-14:08
) (/usr/local/texlive/2019/texmf-dist/tex/generic/tex4ht/unicode.4ht
version 2019-06-06-15:03
) (/usr/local/texlive/2019/texmf-dist/tex/generic/tex4ht/mathml.4ht
version 2019-11-26-14:23
) (/usr/local/texlive/2019/texmf-dist/tex/generic/tex4ht/html-mml.4ht
version 2018-12-05-15:46
) (/usr/local/texlive/2019/texmf-dist/tex/generic/tex4ht/html5.4ht
version 2019-11-21-13:36
))
LaTeX Info: Redefining \autoref on input line 95.
\Hy@SectionHShift=\skip72
(/usr/local/texlive/2019/texmf-dist/tex/generic/tex4ht/html4.4ht
version 2019-11-07-14:08
) (/usr/local/texlive/2019/texmf-dist/tex/generic/tex4ht/unicode.4ht
version 2019-06-06-15:03
) (/usr/local/texlive/2019/texmf-dist/tex/generic/tex4ht/mathml.4ht
version 2019-11-26-14:23
) (/usr/local/texlive/2019/texmf-dist/tex/generic/tex4ht/html-mml.4ht
version 2018-12-05-15:46
) (/usr/local/texlive/2019/texmf-dist/tex/generic/tex4ht/html5.4ht
version 2019-11-21-13:36
)) (/usr/local/texlive/2019/texmf-dist/tex/generic/tex4ht/pd1enc.4ht
version 2009-05-21-09:32
(/usr/local/texlive/2019/texmf-dist/tex/generic/tex4ht/html4.4ht
version 2019-11-07-14:08
) (/usr/local/texlive/2019/texmf-dist/tex/generic/tex4ht/unicode.4ht
version 2019-06-06-15:03
) (/usr/local/texlive/2019/texmf-dist/tex/generic/tex4ht/mathml.4ht
version 2019-11-26-14:23
) (/usr/local/texlive/2019/texmf-dist/tex/generic/tex4ht/html-mml.4ht
version 2018-12-05-15:46
) (/usr/local/texlive/2019/texmf-dist/tex/generic/tex4ht/html5.4ht
version 2019-11-21-13:36
)) (/usr/local/texlive/2019/texmf-dist/tex/generic/tex4ht/url.4ht
version 2009-05-21-09:32
(/usr/local/texlive/2019/texmf-dist/tex/generic/tex4ht/html4.4ht
version 2019-11-07-14:08
--------------------------------------
--- Note --- for URL encoding within href use the command line option `url-enc'

--------------------------------------
) (/usr/local/texlive/2019/texmf-dist/tex/generic/tex4ht/unicode.4ht
version 2019-06-06-15:03
) (/usr/local/texlive/2019/texmf-dist/tex/generic/tex4ht/mathml.4ht
version 2019-11-26-14:23
) (/usr/local/texlive/2019/texmf-dist/tex/generic/tex4ht/html-mml.4ht
version 2018-12-05-15:46
) (/usr/local/texlive/2019/texmf-dist/tex/generic/tex4ht/html5.4ht
version 2019-11-21-13:36
)) (/usr/local/texlive/2019/texmf-dist/tex/generic/tex4ht/soul.4ht
version 2009-05-21-09:32
(/usr/local/texlive/2019/texmf-dist/tex/generic/tex4ht/html4.4ht
version 2019-11-07-14:08
) (/usr/local/texlive/2019/texmf-dist/tex/generic/tex4ht/unicode.4ht
version 2019-06-06-15:03
) (/usr/local/texlive/2019/texmf-dist/tex/generic/tex4ht/mathml.4ht
version 2019-11-26-14:23
) (/usr/local/texlive/2019/texmf-dist/tex/generic/tex4ht/html-mml.4ht
version 2018-12-05-15:46
) (/usr/local/texlive/2019/texmf-dist/tex/generic/tex4ht/html5.4ht
version 2019-11-21-13:36
)) (/usr/local/texlive/2019/texmf-dist/tex/generic/tex4ht/titling.4ht
version 2019-07-06-14:23
(/usr/local/texlive/2019/texmf-dist/tex/generic/tex4ht/html4.4ht
version 2019-11-07-14:08
) (/usr/local/texlive/2019/texmf-dist/tex/generic/tex4ht/unicode.4ht
version 2019-06-06-15:03
) (/usr/local/texlive/2019/texmf-dist/tex/generic/tex4ht/mathml.4ht
version 2019-11-26-14:23
) (/usr/local/texlive/2019/texmf-dist/tex/generic/tex4ht/html-mml.4ht
version 2018-12-05-15:46
) (/usr/local/texlive/2019/texmf-dist/tex/generic/tex4ht/html5.4ht
version 2019-11-21-13:36
)) (/usr/local/texlive/2019/texmf-dist/tex/generic/tex4ht/inputenc.4ht
version 2009-05-21-09:32
(/usr/local/texlive/2019/texmf-dist/tex/generic/tex4ht/html4.4ht
version 2019-11-07-14:08
) (/usr/local/texlive/2019/texmf-dist/tex/generic/tex4ht/unicode.4ht
version 2019-06-06-15:03
) (/usr/local/texlive/2019/texmf-dist/tex/generic/tex4ht/mathml.4ht
version 2019-11-26-14:23
) (/usr/local/texlive/2019/texmf-dist/tex/generic/tex4ht/html-mml.4ht
version 2018-12-05-15:46
) (/usr/local/texlive/2019/texmf-dist/tex/generic/tex4ht/html5.4ht
version 2019-11-21-13:36
)) (/usr/local/texlive/2019/texmf-dist/tex/generic/tex4ht/babel.4ht (/usr/local
/texlive/2019/texmf-dist/tex/generic/tex4ht/html4.4ht
version 2019-11-07-14:08
) (/usr/local/texlive/2019/texmf-dist/tex/generic/tex4ht/unicode.4ht
version 2019-06-06-15:03
) (/usr/local/texlive/2019/texmf-dist/tex/generic/tex4ht/mathml.4ht
version 2019-11-26-14:23
) (/usr/local/texlive/2019/texmf-dist/tex/generic/tex4ht/html-mml.4ht
version 2018-12-05-15:46
) (/usr/local/texlive/2019/texmf-dist/tex/generic/tex4ht/html5.4ht
version 2019-11-21-13:36
)) (/usr/local/texlive/2019/texmf-dist/tex/generic/tex4ht/english.4ht
version 2009-05-21-09:32
(/usr/local/texlive/2019/texmf-dist/tex/generic/tex4ht/html4.4ht
version 2019-11-07-14:08
) (/usr/local/texlive/2019/texmf-dist/tex/generic/tex4ht/unicode.4ht
version 2019-06-06-15:03
) (/usr/local/texlive/2019/texmf-dist/tex/generic/tex4ht/mathml.4ht
version 2019-11-26-14:23
) (/usr/local/texlive/2019/texmf-dist/tex/generic/tex4ht/html-mml.4ht
version 2018-12-05-15:46
) (/usr/local/texlive/2019/texmf-dist/tex/generic/tex4ht/html5.4ht
version 2019-11-21-13:36
)) (/usr/local/texlive/2019/texmf-dist/tex/generic/tex4ht/mathtools.4ht
version 2009-05-21-09:32
(/usr/local/texlive/2019/texmf-dist/tex/generic/tex4ht/html4.4ht
version 2019-11-07-14:08
) (/usr/local/texlive/2019/texmf-dist/tex/generic/tex4ht/unicode.4ht
version 2019-06-06-15:03
) (/usr/local/texlive/2019/texmf-dist/tex/generic/tex4ht/mathml.4ht
version 2019-11-26-14:23
) (/usr/local/texlive/2019/texmf-dist/tex/generic/tex4ht/html-mml.4ht
version 2018-12-05-15:46
) (/usr/local/texlive/2019/texmf-dist/tex/generic/tex4ht/html5.4ht
version 2019-11-21-13:36
)) (/usr/local/texlive/2019/texmf-dist/tex/generic/tex4ht/html4.4ht
version 2019-11-07-14:08
) (/usr/local/texlive/2019/texmf-dist/tex/generic/tex4ht/unicode.4ht
version 2019-06-06-15:03
) (/usr/local/texlive/2019/texmf-dist/tex/generic/tex4ht/mathml.4ht
version 2019-11-26-14:23
) (/usr/local/texlive/2019/texmf-dist/tex/generic/tex4ht/html-mml.4ht
version 2018-12-05-15:46
) (/usr/local/texlive/2019/texmf-dist/tex/generic/tex4ht/html5.4ht
version 2019-11-21-13:36
))
! Undefined control sequence.
l.17 \tikzset
             {every node/.append style={/pgf/tex4ht node/escape=true}}
The control sequence at the end of the top line
of your error message was never \def'ed. If you have
misspelled it (e.g., `\hobx'), type `I' and the correct
spelling (e.g., `I\hbox'). Otherwise just continue,
and I'll forget about whatever was undefined.


! LaTeX Error: Missing \begin{document} in `my.cfg'.

See the LaTeX manual or LaTeX Companion for explanation.
Type  H <return>  for immediate help.
 ...                                              
                                                  
l.17 \tikzset{e
               very node/.append style={/pgf/tex4ht node/escape=true}}
You're in trouble here.  Try typing  <return>  to proceed.
If that doesn't work, type  X <return>  to quit.

(/compile/main.aux)
\openout1 = `main.aux'.

LaTeX Font Info:    Checking defaults for OML/cmm/m/it on input line 114.
LaTeX Font Info:    ... okay on input line 114.
LaTeX Font Info:    Checking defaults for T1/cmr/m/n on input line 114.
LaTeX Font Info:    ... okay on input line 114.
LaTeX Font Info:    Checking defaults for OT1/cmr/m/n on input line 114.
LaTeX Font Info:    ... okay on input line 114.
LaTeX Font Info:    Checking defaults for OMS/cmsy/m/n on input line 114.
LaTeX Font Info:    ... okay on input line 114.
LaTeX Font Info:    Checking defaults for OMX/cmex/m/n on input line 114.
LaTeX Font Info:    ... okay on input line 114.
LaTeX Font Info:    Checking defaults for U/cmr/m/n on input line 114.
LaTeX Font Info:    ... okay on input line 114.
LaTeX Font Info:    Checking defaults for PD1/pdf/m/n on input line 114.
LaTeX Font Info:    ... okay on input line 114.
*geometry* driver: auto-detecting
*geometry* detected driver: dvips
*geometry* verbose mode - [ preamble ] result:
* driver: dvips
* paper: <default>
* layout: <same size as paper>
* layoutoffset:(h,v)=(0.0pt,0.0pt)
* modes: 
* h-part:(L,W,R)=(72.26999pt, 469.75502pt, 72.26999pt)
* v-part:(T,H,B)=(72.26999pt, 650.43001pt, 72.26999pt)
* \paperwidth=614.295pt
* \paperheight=794.96999pt
* \textwidth=469.75502pt
* \textheight=650.43001pt
* \oddsidemargin=0.0pt
* \evensidemargin=0.0pt
* \topmargin=-37.0pt
* \headheight=12.0pt
* \headsep=25.0pt
* \topskip=12.0pt
* \footskip=30.0pt
* \marginparwidth=44.0pt
* \marginparsep=10.0pt
* \columnsep=28.45274pt
* \skip\footins=10.8pt plus 4.0pt minus 2.0pt
* \hoffset=0.0pt
* \voffset=0.0pt
* \mag=1000
* \@twocolumnfalse
* \@twosidefalse
* \@mparswitchfalse
* \@reversemarginfalse
* (1in=72.27pt=25.4mm, 1cm=28.453pt)

\c@lstlisting=\count322
Now handling font encoding TS1 ...
... processing UTF-8 mapping file for font encoding TS1
(/usr/local/texlive/2019/texmf-dist/tex/latex/base/ts1enc.dfu
File: ts1enc.dfu 2019/07/11 v1.2j UTF-8 support for inputenc
   defining Unicode char U+00A2 (decimal 162)
   defining Unicode char U+00A3 (decimal 163)
   defining Unicode char U+00A4 (decimal 164)
   defining Unicode char U+00A5 (decimal 165)
   defining Unicode char U+00A6 (decimal 166)
   defining Unicode char U+00A7 (decimal 167)
   defining Unicode char U+00A8 (decimal 168)
   defining Unicode char U+00A9 (decimal 169)
   defining Unicode char U+00AA (decimal 170)
   defining Unicode char U+00AC (decimal 172)
   defining Unicode char U+00AE (decimal 174)
   defining Unicode char U+00AF (decimal 175)
   defining Unicode char U+00B0 (decimal 176)
   defining Unicode char U+00B1 (decimal 177)
   defining Unicode char U+00B2 (decimal 178)
   defining Unicode char U+00B3 (decimal 179)
   defining Unicode char U+00B4 (decimal 180)
   defining Unicode char U+00B5 (decimal 181)
   defining Unicode char U+00B6 (decimal 182)
   defining Unicode char U+00B7 (decimal 183)
   defining Unicode char U+00B9 (decimal 185)
   defining Unicode char U+00BA (decimal 186)
   defining Unicode char U+00BC (decimal 188)
   defining Unicode char U+00BD (decimal 189)
   defining Unicode char U+00BE (decimal 190)
   defining Unicode char U+00D7 (decimal 215)
   defining Unicode char U+00F7 (decimal 247)
   defining Unicode char U+0192 (decimal 402)
   defining Unicode char U+02C7 (decimal 711)
   defining Unicode char U+02D8 (decimal 728)
   defining Unicode char U+02DD (decimal 733)
   defining Unicode char U+0E3F (decimal 3647)
   defining Unicode char U+2016 (decimal 8214)
   defining Unicode char U+2020 (decimal 8224)
   defining Unicode char U+2021 (decimal 8225)
   defining Unicode char U+2022 (decimal 8226)
   defining Unicode char U+2030 (decimal 8240)
   defining Unicode char U+2031 (decimal 8241)
   defining Unicode char U+203B (decimal 8251)
   defining Unicode char U+203D (decimal 8253)
   defining Unicode char U+2044 (decimal 8260)
   defining Unicode char U+204E (decimal 8270)
   defining Unicode char U+2052 (decimal 8274)
   defining Unicode char U+20A1 (decimal 8353)
   defining Unicode char U+20A4 (decimal 8356)
   defining Unicode char U+20A6 (decimal 8358)
   defining Unicode char U+20A9 (decimal 8361)
   defining Unicode char U+20AB (decimal 8363)
   defining Unicode char U+20AC (decimal 8364)
   defining Unicode char U+20B1 (decimal 8369)
   defining Unicode char U+2103 (decimal 8451)
   defining Unicode char U+2116 (decimal 8470)
   defining Unicode char U+2117 (decimal 8471)
   defining Unicode char U+211E (decimal 8478)
   defining Unicode char U+2120 (decimal 8480)
   defining Unicode char U+2122 (decimal 8482)
   defining Unicode char U+2126 (decimal 8486)
   defining Unicode char U+2127 (decimal 8487)
   defining Unicode char U+212E (decimal 8494)
   defining Unicode char U+2190 (decimal 8592)
   defining Unicode char U+2191 (decimal 8593)
   defining Unicode char U+2192 (decimal 8594)
   defining Unicode char U+2193 (decimal 8595)
   defining Unicode char U+2329 (decimal 9001)
   defining Unicode char U+232A (decimal 9002)
   defining Unicode char U+2422 (decimal 9250)
   defining Unicode char U+25E6 (decimal 9702)
   defining Unicode char U+25EF (decimal 9711)
   defining Unicode char U+266A (decimal 9834)
   defining Unicode char U+27E8 (decimal 10216)
   defining Unicode char U+27E9 (decimal 10217)
   defining Unicode char U+FEFF (decimal 65279)
)
(/usr/local/texlive/2019/texmf-dist/tex/latex/translator/translator-basic-dicti
onary-English.dict
Dictionary: translator-basic-dictionary, Language: English 
)
(/usr/local/texlive/2019/texmf-dist/tex/latex/siunitx/siunitx-abbreviations.cfg
File: siunitx-abbreviations.cfg 2017/11/26 v2.7k siunitx: Abbreviated units
)
\AtBeginShipoutBox=\box95
Package hyperref Info: Link coloring ON on input line 114.
LaTeX Info: Redefining \ref on input line 114.
LaTeX Info: Redefining \pageref on input line 114.
LaTeX Info: Redefining \nameref on input line 114.
--- file main.css ---
) [1] [2]
LaTeX Font Info:    Trying to load font information for OMS+cmr on input line 4
2.
(/usr/local/texlive/2019/texmf-dist/tex/latex/base/omscmr.fd
File: omscmr.fd 2014/09/29 v2.5h Standard LaTeX font definitions
)
LaTeX Font Info:    Font shape `OMS/cmr/m/n' in size <12> not available
(Font)              Font shape `OMS/cmsy/m/n' tried instead on input line 42.
[3] [4] [5] [6] [7] [8] (/usr/local/texlive/2019/texmf-dist/tex/latex/listings/
lstlang1.sty
File: lstlang1.sty 2019/09/10 1.8c listings language file
) [9] (/compile/main.aux) ) 
Here is how much of TeX's memory you used:
 29187 strings out of 492165
 507425 string characters out of 6125340
 841689 words of memory out of 5000000
 32815 multiletter control sequences out of 15000+600000
 546705 words of font info for 79 fonts, out of 8000000 for 9000
 1141 hyphenation exceptions out of 8191
 56i,11n,83p,849b,1331s stack positions out of 5000i,500n,10000p,200000b,80000s

Output written on main.dvi (266 pages, 124372 bytes).
